<?xml version="1.0" encoding="UTF-8"?>
<!-- Generated by org.testng.reporters.JUnitXMLReporter -->
<testsuite hostname="MAA-5CG71200GL" ignored="0" name="Default test" tests="4" failures="0" timestamp="30 Jul 2018 17:45:54 GMT" time="0.064" errors="0">
  <testcase name="testCase1" time="0.007" classname="basic.basicAnnotations"/>
  <testcase name="testCase2" time="0.001" classname="basic.basicAnnotations"/>
  <testcase name="testCase3" time="0.002" classname="basic.basicAnnotations"/>
  <testcase name="testCase4" time="0.001" classname="basic.basicAnnotations"/>
</testsuite> <!-- Default test -->
