<?xml version="1.0" encoding="UTF-8"?>
<!-- Generated by org.testng.reporters.JUnitXMLReporter -->
<testsuite hostname="MAA-5CG71200GL" ignored="3" name="Test" tests="1" failures="0" timestamp="30 Jul 2018 17:46:29 GMT" time="0.07" errors="0">
  <testcase name="testCase1" time="0.019" classname="basic.basicAnnotations"/>
  <testcase name="testCase3" time="0.0" classname="basic.basicAnnotations">
    <ignored/>
  </testcase> <!-- testCase3 -->
  <testcase name="testCase2" time="0.0" classname="basic.basicAnnotations">
    <ignored/>
  </testcase> <!-- testCase2 -->
  <testcase name="testCase4" time="0.0" classname="basic.basicAnnotations">
    <ignored/>
  </testcase> <!-- testCase4 -->
</testsuite> <!-- Test -->
