<?xml version="1.0" encoding="UTF-8"?>
<testng-results skipped="0" failed="0" ignored="3" total="4" passed="1">
  <reporter-output>
  </reporter-output>
  <suite name="Suite" duration-ms="70" started-at="2018-07-30T17:46:29Z" finished-at="2018-07-30T17:46:29Z">
    <groups>
      <group name="rahul">
        <method signature="basicAnnotations.testCase1()[pri:0, instance:basic.basicAnnotations@ecd4b]" name="testCase1" class="basic.basicAnnotations"/>
      </group> <!-- rahul -->
    </groups>
    <test name="Test" duration-ms="70" started-at="2018-07-30T17:46:29Z" finished-at="2018-07-30T17:46:29Z">
      <class name="basic.basicAnnotations">
        <test-method status="PASS" signature="testCase1()[pri:0, instance:basic.basicAnnotations@ecd4b]" name="testCase1" duration-ms="19" started-at="2018-07-30T17:46:29Z" finished-at="2018-07-30T17:46:29Z">
          <reporter-output>
          </reporter-output>
        </test-method> <!-- testCase1 -->
      </class> <!-- basic.basicAnnotations -->
    </test> <!-- Test -->
  </suite> <!-- Suite -->
</testng-results>
